#
# There is insufficient memory for the Java Runtime Environment to continue.
# Native memory allocation (mmap) failed to map 65536 bytes for Failed to commit metaspace.
# Possible reasons:
#   The system is out of physical RAM or swap space
#   The process is running with CompressedOops enabled, and the Java Heap may be blocking the growth of the native heap
# Possible solutions:
#   Reduce memory load on the system
#   Increase physical memory or swap space
#   Check if swap backing store is full
#   Decrease Java heap size (-Xmx/-Xms)
#   Decrease number of Java threads
#   Decrease Java thread stack sizes (-Xss)
#   Set larger code cache with -XX:ReservedCodeCacheSize=
#   JVM is running with Unscaled Compressed Oops mode in which the Java heap is
#     placed in the first 4GB address space. The Java Heap base address is the
#     maximum limit for the native heap growth. Please use -XX:HeapBaseMinAddress
#     to set the Java Heap base and to place the Java Heap above 4GB virtual address.
# This output file may be truncated or incomplete.
#
#  Out of Memory Error (virtualSpaceNode.cpp:110), pid=3420, tid=10484
#
# JRE version: OpenJDK Runtime Environment Temurin-17.0.7+7 (17.0.7+7) (build 17.0.7+7)
# Java VM: OpenJDK 64-Bit Server VM Temurin-17.0.7+7 (17.0.7+7, mixed mode, tiered, compressed oops, compressed class ptrs, parallel gc, windows-amd64)
# No core dump will be written. Minidumps are not enabled by default on client versions of Windows
#

---------------  S U M M A R Y ------------

Command Line: --add-modules=ALL-SYSTEM --add-opens=java.base/java.util=ALL-UNNAMED --add-opens=java.base/java.lang=ALL-UNNAMED --add-opens=java.base/sun.nio.fs=ALL-UNNAMED -Declipse.application=org.eclipse.jdt.ls.core.id1 -Dosgi.bundles.defaultStartLevel=4 -Declipse.product=org.eclipse.jdt.ls.core.product -Djava.import.generatesMetadataFilesAtProjectRoot=false -Dfile.encoding=utf8 -XX:+UseParallelGC -XX:GCTimeRatio=4 -XX:AdaptiveSizePolicyWeight=90 -Dsun.zip.disableMemoryMapping=true -Xmx1G -Xms100m -Xlog:disable -javaagent:c:\Users\Usuario\.vscode\extensions\redhat.java-1.21.0-win32-x64\lombok\lombok-1.18.28.jar -XX:+HeapDumpOnOutOfMemoryError -XX:HeapDumpPath=c:\Users\Usuario\AppData\Roaming\Code\User\workspaceStorage\005f2dd15079cb63c18c05e00e31ee25\redhat.java -Daether.dependencyCollector.impl=bf c:\Users\Usuario\.vscode\extensions\redhat.java-1.21.0-win32-x64\server\plugins\org.eclipse.equinox.launcher_1.6.500.v20230717-2134.jar -configuration c:\Users\Usuario\AppData\Roaming\Code\User\globalStorage\redhat.java\1.21.0\config_win -data c:\Users\Usuario\AppData\Roaming\Code\User\workspaceStorage\005f2dd15079cb63c18c05e00e31ee25\redhat.java\jdt_ws

Host: Intel(R) Core(TM) i5-1035G1 CPU @ 1.00GHz, 8 cores, 7G,  Windows 10 , 64 bit Build 19041 (10.0.19041.804)
Time: Tue Aug  1 01:01:10 2023 Hora estándar, América Central elapsed time: 6.484307 seconds (0d 0h 0m 6s)

---------------  T H R E A D  ---------------

Current thread (0x000001cf77650ab0):  JavaThread "Start Level: Equinox Container: c7461790-9c53-4171-8386-85ed41ee1f0c" daemon [_thread_in_vm, id=10484, stack(0x0000008a14100000,0x0000008a14200000)]

Stack: [0x0000008a14100000,0x0000008a14200000]
Native frames: (J=compiled Java code, j=interpreted, Vv=VM code, C=native code)
V  [jvm.dll+0x67754a]
V  [jvm.dll+0x834304]
V  [jvm.dll+0x835aae]
V  [jvm.dll+0x836113]
V  [jvm.dll+0x24696f]
V  [jvm.dll+0x83039b]
V  [jvm.dll+0x61c006]
V  [jvm.dll+0x1c169e]
V  [jvm.dll+0x61e961]
V  [jvm.dll+0x61c9a6]
V  [jvm.dll+0x23aeff]
V  [jvm.dll+0x626845]
V  [jvm.dll+0x1eb47b]
V  [jvm.dll+0x1eb9b5]
V  [jvm.dll+0x1ec3ef]
V  [jvm.dll+0x1e1891]
V  [jvm.dll+0x53ea50]
V  [jvm.dll+0x7afc28]
V  [jvm.dll+0x7afd14]
V  [jvm.dll+0x40de05]
V  [jvm.dll+0x413f58]
C  [java.dll+0x17ec]

Java frames: (J=compiled Java code, j=interpreted, Vv=VM code)
J 1069  java.lang.ClassLoader.defineClass1(Ljava/lang/ClassLoader;Ljava/lang/String;[BIILjava/security/ProtectionDomain;Ljava/lang/String;)Ljava/lang/Class; java.base@17.0.7 (0 bytes) @ 0x000001cf6725abdb [0x000001cf6725ab20+0x00000000000000bb]
J 1681 c1 java.lang.ClassLoader.defineClass(Ljava/lang/String;[BIILjava/security/ProtectionDomain;)Ljava/lang/Class; java.base@17.0.7 (43 bytes) @ 0x000001cf5fa3c3d4 [0x000001cf5fa3c080+0x0000000000000354]
J 2158 c1 org.eclipse.osgi.internal.loader.ModuleClassLoader.defineClass(Ljava/lang/String;[BLorg/eclipse/osgi/internal/loader/classpath/ClasspathEntry;)Lorg/eclipse/osgi/internal/loader/ModuleClassLoader$DefineClassResult; (138 bytes) @ 0x000001cf5fb6069c [0x000001cf5fb60440+0x000000000000025c]
J 2039 c1 org.eclipse.osgi.internal.loader.classpath.ClasspathManager.defineClass(Ljava/lang/String;[BLorg/eclipse/osgi/internal/loader/classpath/ClasspathEntry;Lorg/eclipse/osgi/storage/bundlefile/BundleEntry;Ljava/util/List;)Ljava/lang/Class; (636 bytes) @ 0x000001cf5fb17c34 [0x000001cf5fb16260+0x00000000000019d4]
J 2458 c1 org.eclipse.osgi.internal.loader.classpath.ClasspathManager.findClassImpl(Ljava/lang/String;Lorg/eclipse/osgi/internal/loader/classpath/ClasspathEntry;Ljava/util/List;)Ljava/lang/Class; (308 bytes) @ 0x000001cf5fbfbd64 [0x000001cf5fbf92a0+0x0000000000002ac4]
J 1726 c1 org.eclipse.osgi.internal.loader.classpath.ClasspathManager.findLocalClassImpl(Ljava/lang/String;[Lorg/eclipse/osgi/internal/loader/classpath/ClasspathEntry;Ljava/util/List;)Ljava/lang/Class; (55 bytes) @ 0x000001cf5fa5ba4c [0x000001cf5fa5b8c0+0x000000000000018c]
J 1725 c1 org.eclipse.osgi.internal.loader.classpath.ClasspathManager.findLocalClassImpl(Ljava/lang/String;Ljava/util/List;)Ljava/lang/Class; (132 bytes) @ 0x000001cf5fa5afd4 [0x000001cf5fa5aac0+0x0000000000000514]
J 1969 c1 org.eclipse.osgi.internal.loader.classpath.ClasspathManager.findLocalClass(Ljava/lang/String;)Ljava/lang/Class; (210 bytes) @ 0x000001cf5faeeebc [0x000001cf5faee220+0x0000000000000c9c]
J 1716 c1 org.eclipse.osgi.internal.loader.BundleLoader.findLocalClass(Ljava/lang/String;)Ljava/lang/Class; (152 bytes) @ 0x000001cf5fa5386c [0x000001cf5fa53020+0x000000000000084c]
J 1650 c1 org.eclipse.osgi.internal.loader.BundleLoader.findClass0(Ljava/lang/String;ZZ)Ljava/lang/Class; (466 bytes) @ 0x000001cf5fa2bd14 [0x000001cf5fa29620+0x00000000000026f4]
J 1649 c1 org.eclipse.osgi.internal.loader.BundleLoader.findClass(Ljava/lang/String;)Ljava/lang/Class; (8 bytes) @ 0x000001cf5fa28d1c [0x000001cf5fa28ca0+0x000000000000007c]
J 1651 c1 org.eclipse.osgi.internal.loader.ModuleClassLoader.loadClass(Ljava/lang/String;Z)Ljava/lang/Class; (36 bytes) @ 0x000001cf5fa2ed3c [0x000001cf5fa2eb20+0x000000000000021c]
J 797 c1 java.lang.ClassLoader.loadClass(Ljava/lang/String;)Ljava/lang/Class; java.base@17.0.7 (7 bytes) @ 0x000001cf5f86683c [0x000001cf5f866740+0x00000000000000fc]
v  ~StubRoutines::call_stub
j  org.apache.commons.lang3.text.StrMatcher.stringMatcher(Ljava/lang/String;)Lorg/apache/commons/lang3/text/StrMatcher;+1
j  org.apache.commons.lang3.text.StrSubstitutor.<clinit>()V+2
v  ~StubRoutines::call_stub
j  org.eclipse.jdt.ls.core.internal.ResourceUtils.expandPath(Ljava/lang/String;)Ljava/lang/String;+66
j  org.eclipse.jdt.ls.core.internal.preferences.Preferences$ReferencedLibraries$1.add(Ljava/lang/String;)Z+2
j  org.eclipse.jdt.ls.core.internal.preferences.Preferences$ReferencedLibraries$1.add(Ljava/lang/Object;)Z+5
j  org.eclipse.jdt.ls.core.internal.preferences.Preferences.<clinit>()V+324
v  ~StubRoutines::call_stub
j  org.eclipse.jdt.ls.core.internal.preferences.PreferenceManager.<init>()V+5
j  org.eclipse.jdt.ls.core.internal.preferences.StandardPreferenceManager.<init>()V+1
j  org.eclipse.jdt.ls.core.internal.JavaLanguageServerPlugin.start(Lorg/osgi/framework/BundleContext;)V+61
j  org.eclipse.osgi.internal.framework.BundleContextImpl$2.run()Ljava/lang/Void;+23
j  org.eclipse.osgi.internal.framework.BundleContextImpl$2.run()Ljava/lang/Object;+1
J 1186 c1 java.security.AccessController.executePrivileged(Ljava/security/PrivilegedExceptionAction;Ljava/security/AccessControlContext;Ljava/lang/Class;)Ljava/lang/Object; java.base@17.0.7 (65 bytes) @ 0x000001cf5f9319b4 [0x000001cf5f931860+0x0000000000000154]
j  java.security.AccessController.doPrivileged(Ljava/security/PrivilegedExceptionAction;)Ljava/lang/Object;+9 java.base@17.0.7
j  org.eclipse.osgi.internal.framework.BundleContextImpl.startActivator(Lorg/osgi/framework/BundleActivator;)V+9
j  org.eclipse.osgi.internal.framework.BundleContextImpl.start()V+134
j  org.eclipse.osgi.internal.framework.EquinoxBundle.startWorker0()V+35
j  org.eclipse.osgi.internal.framework.EquinoxBundle$EquinoxModule.startWorker()V+4
j  org.eclipse.osgi.container.Module.doStart([Lorg/eclipse/osgi/container/Module$StartOptions;)Lorg/eclipse/osgi/container/ModuleContainerAdaptor$ModuleEvent;+190
j  org.eclipse.osgi.container.Module.start([Lorg/eclipse/osgi/container/Module$StartOptions;)V+460
j  org.eclipse.osgi.container.ModuleContainer$ContainerStartLevel$2.run()V+71
j  org.eclipse.osgi.internal.framework.EquinoxContainerAdaptor$1$1.execute(Ljava/lang/Runnable;)V+1
j  org.eclipse.osgi.container.ModuleContainer$ContainerStartLevel.incStartLevel(ILjava/util/List;Z)V+192
j  org.eclipse.osgi.container.ModuleContainer$ContainerStartLevel.incStartLevel(ILjava/util/List;Ljava/util/List;Ljava/util/List;Ljava/util/List;)V+19
j  org.eclipse.osgi.container.ModuleContainer$ContainerStartLevel.doContainerStartLevel(Lorg/eclipse/osgi/container/Module;I[Lorg/osgi/framework/FrameworkListener;)V+349
j  org.eclipse.osgi.container.ModuleContainer$ContainerStartLevel.dispatchEvent(Lorg/eclipse/osgi/container/Module;[Lorg/osgi/framework/FrameworkListener;ILjava/lang/Integer;)V+32
j  org.eclipse.osgi.container.ModuleContainer$ContainerStartLevel.dispatchEvent(Ljava/lang/Object;Ljava/lang/Object;ILjava/lang/Object;)V+15
j  org.eclipse.osgi.framework.eventmgr.EventManager.dispatchEvent(Ljava/util/Set;Lorg/eclipse/osgi/framework/eventmgr/EventDispatcher;ILjava/lang/Object;)V+48
j  org.eclipse.osgi.framework.eventmgr.EventManager$EventThread.run()V+26
v  ~StubRoutines::call_stub

---------------  P R O C E S S  ---------------

Threads class SMR info:
_java_thread_list=0x000001cf7890ca40, length=20, elements={
0x000001cf5ca932d0, 0x000001cf70915740, 0x000001cf70917580, 0x000001cf75bf1db0,
0x000001cf75bf2960, 0x000001cf75bf5320, 0x000001cf75bf5cd0, 0x000001cf75bf9160,
0x000001cf75c17690, 0x000001cf75c77e50, 0x000001cf75d136f0, 0x000001cf75fae000,
0x000001cf772ece70, 0x000001cf7737e550, 0x000001cf77650ab0, 0x000001cf775de8e0,
0x000001cf77362310, 0x000001cf776e2e20, 0x000001cf77d29460, 0x000001cf77d29930
}

Java Threads: ( => current thread )
  0x000001cf5ca932d0 JavaThread "main" [_thread_blocked, id=3184, stack(0x0000008a12800000,0x0000008a12900000)]
  0x000001cf70915740 JavaThread "Reference Handler" daemon [_thread_blocked, id=16532, stack(0x0000008a12b00000,0x0000008a12c00000)]
  0x000001cf70917580 JavaThread "Finalizer" daemon [_thread_blocked, id=5128, stack(0x0000008a12c00000,0x0000008a12d00000)]
  0x000001cf75bf1db0 JavaThread "Signal Dispatcher" daemon [_thread_blocked, id=15852, stack(0x0000008a12d00000,0x0000008a12e00000)]
  0x000001cf75bf2960 JavaThread "Attach Listener" daemon [_thread_blocked, id=12224, stack(0x0000008a12e00000,0x0000008a12f00000)]
  0x000001cf75bf5320 JavaThread "Service Thread" daemon [_thread_blocked, id=12244, stack(0x0000008a12f00000,0x0000008a13000000)]
  0x000001cf75bf5cd0 JavaThread "Monitor Deflation Thread" daemon [_thread_blocked, id=2012, stack(0x0000008a13000000,0x0000008a13100000)]
  0x000001cf75bf9160 JavaThread "C2 CompilerThread0" daemon [_thread_in_native, id=16220, stack(0x0000008a13100000,0x0000008a13200000)]
  0x000001cf75c17690 JavaThread "C1 CompilerThread0" daemon [_thread_blocked, id=11056, stack(0x0000008a13200000,0x0000008a13300000)]
  0x000001cf75c77e50 JavaThread "Sweeper thread" daemon [_thread_blocked, id=11952, stack(0x0000008a13300000,0x0000008a13400000)]
  0x000001cf75d136f0 JavaThread "Common-Cleaner" daemon [_thread_blocked, id=9836, stack(0x0000008a13400000,0x0000008a13500000)]
  0x000001cf75fae000 JavaThread "Notification Thread" daemon [_thread_blocked, id=2868, stack(0x0000008a13500000,0x0000008a13600000)]
  0x000001cf772ece70 JavaThread "Active Thread: Equinox Container: c7461790-9c53-4171-8386-85ed41ee1f0c" [_thread_blocked, id=4852, stack(0x0000008a13e00000,0x0000008a13f00000)]
  0x000001cf7737e550 JavaThread "Framework Event Dispatcher: Equinox Container: c7461790-9c53-4171-8386-85ed41ee1f0c" daemon [_thread_blocked, id=10900, stack(0x0000008a14000000,0x0000008a14100000)]
=>0x000001cf77650ab0 JavaThread "Start Level: Equinox Container: c7461790-9c53-4171-8386-85ed41ee1f0c" daemon [_thread_in_vm, id=10484, stack(0x0000008a14100000,0x0000008a14200000)]
  0x000001cf775de8e0 JavaThread "SCR Component Actor" daemon [_thread_blocked, id=10668, stack(0x0000008a14200000,0x0000008a14300000)]
  0x000001cf77362310 JavaThread "SCR Component Registry" daemon [_thread_blocked, id=17820, stack(0x0000008a13f00000,0x0000008a14000000)]
  0x000001cf776e2e20 JavaThread "Worker-JM" [_thread_blocked, id=5304, stack(0x0000008a13d00000,0x0000008a13e00000)]
  0x000001cf77d29460 JavaThread "Worker-1: Updating Maven Dependencies" [_thread_in_vm, id=8728, stack(0x0000008a14500000,0x0000008a14600000)]
  0x000001cf77d29930 JavaThread "Java indexing" daemon [_thread_blocked, id=9952, stack(0x0000008a14700000,0x0000008a14800000)]

Other Threads:
  0x000001cf708fd500 VMThread "VM Thread" [stack: 0x0000008a12a00000,0x0000008a12b00000] [id=17616]
  0x000001cf75fae4d0 WatcherThread [stack: 0x0000008a13600000,0x0000008a13700000] [id=7400]
  0x000001cf5caa9060 GCTaskThread "GC Thread#0" [stack: 0x0000008a12900000,0x0000008a12a00000] [id=16224]
  0x000001cf76c8ad10 GCTaskThread "GC Thread#1" [stack: 0x0000008a13700000,0x0000008a13800000] [id=3284]
  0x000001cf76c87830 GCTaskThread "GC Thread#2" [stack: 0x0000008a13800000,0x0000008a13900000] [id=5236]
  0x000001cf76c87ae0 GCTaskThread "GC Thread#3" [stack: 0x0000008a13900000,0x0000008a13a00000] [id=16504]
  0x000001cf7726bf50 GCTaskThread "GC Thread#4" [stack: 0x0000008a13a00000,0x0000008a13b00000] [id=15984]
  0x000001cf7726c200 GCTaskThread "GC Thread#5" [stack: 0x0000008a13b00000,0x0000008a13c00000] [id=14008]
  0x000001cf7726c4b0 GCTaskThread "GC Thread#6" [stack: 0x0000008a13c00000,0x0000008a13d00000] [id=3336]
  0x000001cf775d43d0 GCTaskThread "GC Thread#7" [stack: 0x0000008a14300000,0x0000008a14400000] [id=12112]

Threads with active compile tasks:
C2 CompilerThread0     6545 2744       4       org.objectweb.asm.ClassReader::readMethod (1066 bytes)

VM state: not at safepoint (normal execution)

VM Mutex/Monitor currently owned by a thread:  ([mutex/lock_event])
[0x000001cf5ca8dae0] Metaspace_lock - owner thread: 0x000001cf77650ab0

OutOfMemory and StackOverflow Exception counts:
OutOfMemoryError java_heap_errors=1
LinkageErrors=41

Heap address: 0x00000000c0000000, size: 1024 MB, Compressed Oops mode: 32-bit

CDS archive(s) not mapped
Compressed class space mapped at: 0x0000000100000000-0x0000000140000000, reserved size: 1073741824
Narrow klass base: 0x0000000000000000, Narrow klass shift: 3, Narrow klass range: 0x140000000

GC Precious Log:
 CPUs: 8 total, 8 available
 Memory: 7880M
 Large Page Support: Disabled
 NUMA Support: Disabled
 Compressed Oops: Enabled (32-bit)
 Alignments: Space 512K, Generation 512K, Heap 2M
 Heap Min Capacity: 100M
 Heap Initial Capacity: 100M
 Heap Max Capacity: 1G
 Pre-touch: Disabled
 Parallel Workers: 8

Heap:
 PSYoungGen      total 27648K, used 5595K [0x00000000eab00000, 0x00000000eca80000, 0x0000000100000000)
  eden space 24064K, 8% used [0x00000000eab00000,0x00000000eacf92a0,0x00000000ec280000)
  from space 3584K, 99% used [0x00000000ec300000,0x00000000ec67dce0,0x00000000ec680000)
  to   space 4096K, 0% used [0x00000000ec680000,0x00000000ec680000,0x00000000eca80000)
 ParOldGen       total 68608K, used 7742K [0x00000000c0000000, 0x00000000c4300000, 0x00000000eab00000)
  object space 68608K, 11% used [0x00000000c0000000,0x00000000c078fac0,0x00000000c4300000)
 Metaspace       used 31124K, committed 31680K, reserved 1114112K
  class space    used 3065K, committed 3328K, reserved 1048576K

Card table byte_map: [0x000001cf5c440000,0x000001cf5c650000] _byte_map_base: 0x000001cf5be40000

Marking Bits: (ParMarkBitMap*) 0x00007ffb70a552c0
 Begin Bits: [0x000001cf6e720000, 0x000001cf6f720000)
 End Bits:   [0x000001cf6f720000, 0x000001cf70720000)

Polling page: 0x000001cf5aa50000

Metaspace:

Usage:
  Non-class:     27.40 MB used.
      Class:      2.99 MB used.
       Both:     30.40 MB used.

Virtual space:
  Non-class space:       64.00 MB reserved,      27.69 MB ( 43%) committed,  1 nodes.
      Class space:        1.00 GB reserved,       3.25 MB ( <1%) committed,  1 nodes.
             Both:        1.06 GB reserved,      30.94 MB (  3%) committed. 

Chunk freelists:
   Non-Class:  4.23 MB
       Class:  12.60 MB
        Both:  16.83 MB

MaxMetaspaceSize: unlimited
CompressedClassSpaceSize: 1.00 GB
Initial GC threshold: 21.00 MB
Current GC threshold: 35.00 MB
CDS: off
MetaspaceReclaimPolicy: balanced
 - commit_granule_bytes: 65536.
 - commit_granule_words: 8192.
 - virtual_space_node_default_size: 8388608.
 - enlarge_chunks_in_place: 1.
 - new_chunks_are_fully_committed: 0.
 - uncommit_free_chunks: 1.
 - use_allocation_guard: 0.
 - handle_deallocations: 1.


Internal statistics:

num_allocs_failed_limit: 3.
num_arena_births: 320.
num_arena_deaths: 14.
num_vsnodes_births: 2.
num_vsnodes_deaths: 0.
num_space_committed: 495.
num_space_uncommitted: 0.
num_chunks_returned_to_freelist: 17.
num_chunks_taken_from_freelist: 1201.
num_chunk_merges: 7.
num_chunk_splits: 799.
num_chunks_enlarged: 539.
num_inconsistent_stats: 0.

CodeHeap 'non-profiled nmethods': size=120000Kb used=1118Kb max_used=1118Kb free=118881Kb
 bounds [0x000001cf671f0000, 0x000001cf67460000, 0x000001cf6e720000]
CodeHeap 'profiled nmethods': size=120000Kb used=5820Kb max_used=5820Kb free=114180Kb
 bounds [0x000001cf5f720000, 0x000001cf5fcd0000, 0x000001cf66c50000]
CodeHeap 'non-nmethods': size=5760Kb used=1261Kb max_used=1276Kb free=4498Kb
 bounds [0x000001cf66c50000, 0x000001cf66ec0000, 0x000001cf671f0000]
 total_blobs=3423 nmethods=2851 adapters=485
 compilation: enabled
              stopped_count=0, restarted_count=0
 full_count=0

Compilation events (20 events):
Event: 6.430 Thread 0x000001cf75c17690 2843       3       java.lang.String::encodeUTF8 (141 bytes)
Event: 6.430 Thread 0x000001cf75c17690 nmethod 2843 0x000001cf5fcc7a10 code [0x000001cf5fcc7c20, 0x000001cf5fcc8158]
Event: 6.431 Thread 0x000001cf75c17690 2844       3       sun.nio.fs.WindowsFileAttributes::isReparsePoint (14 bytes)
Event: 6.431 Thread 0x000001cf75c17690 nmethod 2844 0x000001cf5fcc8310 code [0x000001cf5fcc84a0, 0x000001cf5fcc85f8]
Event: 6.431 Thread 0x000001cf75c17690 2845       3       sun.nio.fs.WindowsFileAttributes::<init> (57 bytes)
Event: 6.431 Thread 0x000001cf75c17690 nmethod 2845 0x000001cf5fcc8690 code [0x000001cf5fcc8820, 0x000001cf5fcc89b8]
Event: 6.431 Thread 0x000001cf75c17690 2846       1       java.nio.file.Files$AcceptAllFilter::accept (2 bytes)
Event: 6.431 Thread 0x000001cf75c17690 nmethod 2846 0x000001cf67307190 code [0x000001cf67307320, 0x000001cf673073f8]
Event: 6.431 Thread 0x000001cf75c17690 2847   !   3       java.nio.charset.Charset::defaultCharset (53 bytes)
Event: 6.433 Thread 0x000001cf75c17690 nmethod 2847 0x000001cf5fcc8a90 code [0x000001cf5fcc8d40, 0x000001cf5fcc9ab8]
Event: 6.433 Thread 0x000001cf75c17690 2848   !   3       java.lang.invoke.MethodHandleNatives::linkMethodHandleConstant (50 bytes)
Event: 6.433 Thread 0x000001cf75c17690 nmethod 2848 0x000001cf5fcca010 code [0x000001cf5fcca1e0, 0x000001cf5fcca3c8]
Event: 6.433 Thread 0x000001cf75c17690 2849       3       java.lang.invoke.MethodHandles$Lookup::linkMethodHandleConstant (222 bytes)
Event: 6.435 Thread 0x000001cf75c17690 nmethod 2849 0x000001cf5fcca590 code [0x000001cf5fcca960, 0x000001cf5fccc188]
Event: 6.446 Thread 0x000001cf75c17690 2851   !   3       org.eclipse.osgi.storage.BundleInfo$Generation::getContentType (17 bytes)
Event: 6.446 Thread 0x000001cf75c17690 nmethod 2851 0x000001cf5fccc910 code [0x000001cf5fcccaa0, 0x000001cf5fcccc98]
Event: 6.450 Thread 0x000001cf75c17690 2853       3       java.util.concurrent.ConcurrentLinkedQueue::updateHead (26 bytes)
Event: 6.452 Thread 0x000001cf75c17690 nmethod 2853 0x000001cf5fcccd90 code [0x000001cf5fccd120, 0x000001cf5fcce8f8]
Event: 6.467 Thread 0x000001cf75c17690 2856       1       org.eclipse.osgi.internal.serviceregistry.ServiceUse::getLock (5 bytes)
Event: 6.467 Thread 0x000001cf75c17690 nmethod 2856 0x000001cf67307790 code [0x000001cf67307920, 0x000001cf673079f8]

GC Heap History (16 events):
Event: 2.166 GC heap before
{Heap before GC invocations=1 (full 0):
 PSYoungGen      total 29696K, used 25600K [0x00000000eab00000, 0x00000000ecc00000, 0x0000000100000000)
  eden space 25600K, 100% used [0x00000000eab00000,0x00000000ec400000,0x00000000ec400000)
  from space 4096K, 0% used [0x00000000ec800000,0x00000000ec800000,0x00000000ecc00000)
  to   space 4096K, 0% used [0x00000000ec400000,0x00000000ec400000,0x00000000ec800000)
 ParOldGen       total 68608K, used 0K [0x00000000c0000000, 0x00000000c4300000, 0x00000000eab00000)
  object space 68608K, 0% used [0x00000000c0000000,0x00000000c0000000,0x00000000c4300000)
 Metaspace       used 11228K, committed 11392K, reserved 1114112K
  class space    used 1126K, committed 1216K, reserved 1048576K
}
Event: 2.179 GC heap after
{Heap after GC invocations=1 (full 0):
 PSYoungGen      total 29696K, used 3145K [0x00000000eab00000, 0x00000000ecc00000, 0x0000000100000000)
  eden space 25600K, 0% used [0x00000000eab00000,0x00000000eab00000,0x00000000ec400000)
  from space 4096K, 76% used [0x00000000ec400000,0x00000000ec712490,0x00000000ec800000)
  to   space 4096K, 0% used [0x00000000ec800000,0x00000000ec800000,0x00000000ecc00000)
 ParOldGen       total 68608K, used 16K [0x00000000c0000000, 0x00000000c4300000, 0x00000000eab00000)
  object space 68608K, 0% used [0x00000000c0000000,0x00000000c0004000,0x00000000c4300000)
 Metaspace       used 11228K, committed 11392K, reserved 1114112K
  class space    used 1126K, committed 1216K, reserved 1048576K
}
Event: 3.276 GC heap before
{Heap before GC invocations=2 (full 0):
 PSYoungGen      total 29696K, used 28745K [0x00000000eab00000, 0x00000000ecc00000, 0x0000000100000000)
  eden space 25600K, 100% used [0x00000000eab00000,0x00000000ec400000,0x00000000ec400000)
  from space 4096K, 76% used [0x00000000ec400000,0x00000000ec712490,0x00000000ec800000)
  to   space 4096K, 0% used [0x00000000ec800000,0x00000000ec800000,0x00000000ecc00000)
 ParOldGen       total 68608K, used 16K [0x00000000c0000000, 0x00000000c4300000, 0x00000000eab00000)
  object space 68608K, 0% used [0x00000000c0000000,0x00000000c0004000,0x00000000c4300000)
 Metaspace       used 15148K, committed 15424K, reserved 1114112K
  class space    used 1541K, committed 1664K, reserved 1048576K
}
Event: 3.283 GC heap after
{Heap after GC invocations=2 (full 0):
 PSYoungGen      total 29696K, used 4088K [0x00000000eab00000, 0x00000000ecc00000, 0x0000000100000000)
  eden space 25600K, 0% used [0x00000000eab00000,0x00000000eab00000,0x00000000ec400000)
  from space 4096K, 99% used [0x00000000ec800000,0x00000000ecbfe150,0x00000000ecc00000)
  to   space 4096K, 0% used [0x00000000ec400000,0x00000000ec400000,0x00000000ec800000)
 ParOldGen       total 68608K, used 1378K [0x00000000c0000000, 0x00000000c4300000, 0x00000000eab00000)
  object space 68608K, 2% used [0x00000000c0000000,0x00000000c0158b80,0x00000000c4300000)
 Metaspace       used 15148K, committed 15424K, reserved 1114112K
  class space    used 1541K, committed 1664K, reserved 1048576K
}
Event: 4.333 GC heap before
{Heap before GC invocations=3 (full 0):
 PSYoungGen      total 29696K, used 29688K [0x00000000eab00000, 0x00000000ecc00000, 0x0000000100000000)
  eden space 25600K, 100% used [0x00000000eab00000,0x00000000ec400000,0x00000000ec400000)
  from space 4096K, 99% used [0x00000000ec800000,0x00000000ecbfe150,0x00000000ecc00000)
  to   space 4096K, 0% used [0x00000000ec400000,0x00000000ec400000,0x00000000ec800000)
 ParOldGen       total 68608K, used 1378K [0x00000000c0000000, 0x00000000c4300000, 0x00000000eab00000)
  object space 68608K, 2% used [0x00000000c0000000,0x00000000c0158b80,0x00000000c4300000)
 Metaspace       used 19965K, committed 20288K, reserved 1114112K
  class space    used 2031K, committed 2176K, reserved 1048576K
}
Event: 4.341 GC heap after
{Heap after GC invocations=3 (full 0):
 PSYoungGen      total 29696K, used 4087K [0x00000000eab00000, 0x00000000ecc00000, 0x0000000100000000)
  eden space 25600K, 0% used [0x00000000eab00000,0x00000000eab00000,0x00000000ec400000)
  from space 4096K, 99% used [0x00000000ec400000,0x00000000ec7fdce8,0x00000000ec800000)
  to   space 4096K, 0% used [0x00000000ec800000,0x00000000ec800000,0x00000000ecc00000)
 ParOldGen       total 68608K, used 3378K [0x00000000c0000000, 0x00000000c4300000, 0x00000000eab00000)
  object space 68608K, 4% used [0x00000000c0000000,0x00000000c034c8b0,0x00000000c4300000)
 Metaspace       used 19965K, committed 20288K, reserved 1114112K
  class space    used 2031K, committed 2176K, reserved 1048576K
}
Event: 4.656 GC heap before
{Heap before GC invocations=4 (full 0):
 PSYoungGen      total 29696K, used 10666K [0x00000000eab00000, 0x00000000ecc00000, 0x0000000100000000)
  eden space 25600K, 25% used [0x00000000eab00000,0x00000000eb16cdc0,0x00000000ec400000)
  from space 4096K, 99% used [0x00000000ec400000,0x00000000ec7fdce8,0x00000000ec800000)
  to   space 4096K, 0% used [0x00000000ec800000,0x00000000ec800000,0x00000000ecc00000)
 ParOldGen       total 68608K, used 3378K [0x00000000c0000000, 0x00000000c4300000, 0x00000000eab00000)
  object space 68608K, 4% used [0x00000000c0000000,0x00000000c034c8b0,0x00000000c4300000)
 Metaspace       used 21051K, committed 21504K, reserved 1114112K
  class space    used 2153K, committed 2368K, reserved 1048576K
}
Event: 4.659 GC heap after
{Heap after GC invocations=4 (full 0):
 PSYoungGen      total 29696K, used 4093K [0x00000000eab00000, 0x00000000ecc00000, 0x0000000100000000)
  eden space 25600K, 0% used [0x00000000eab00000,0x00000000eab00000,0x00000000ec400000)
  from space 4096K, 99% used [0x00000000ec800000,0x00000000ecbff538,0x00000000ecc00000)
  to   space 4096K, 0% used [0x00000000ec400000,0x00000000ec400000,0x00000000ec800000)
 ParOldGen       total 68608K, used 3634K [0x00000000c0000000, 0x00000000c4300000, 0x00000000eab00000)
  object space 68608K, 5% used [0x00000000c0000000,0x00000000c038c8b0,0x00000000c4300000)
 Metaspace       used 21051K, committed 21504K, reserved 1114112K
  class space    used 2153K, committed 2368K, reserved 1048576K
}
Event: 4.659 GC heap before
{Heap before GC invocations=5 (full 1):
 PSYoungGen      total 29696K, used 4093K [0x00000000eab00000, 0x00000000ecc00000, 0x0000000100000000)
  eden space 25600K, 0% used [0x00000000eab00000,0x00000000eab00000,0x00000000ec400000)
  from space 4096K, 99% used [0x00000000ec800000,0x00000000ecbff538,0x00000000ecc00000)
  to   space 4096K, 0% used [0x00000000ec400000,0x00000000ec400000,0x00000000ec800000)
 ParOldGen       total 68608K, used 3634K [0x00000000c0000000, 0x00000000c4300000, 0x00000000eab00000)
  object space 68608K, 5% used [0x00000000c0000000,0x00000000c038c8b0,0x00000000c4300000)
 Metaspace       used 21051K, committed 21504K, reserved 1114112K
  class space    used 2153K, committed 2368K, reserved 1048576K
}
Event: 4.695 GC heap after
{Heap after GC invocations=5 (full 1):
 PSYoungGen      total 29696K, used 0K [0x00000000eab00000, 0x00000000ecc00000, 0x0000000100000000)
  eden space 25600K, 0% used [0x00000000eab00000,0x00000000eab00000,0x00000000ec400000)
  from space 4096K, 0% used [0x00000000ec800000,0x00000000ec800000,0x00000000ecc00000)
  to   space 4096K, 0% used [0x00000000ec400000,0x00000000ec400000,0x00000000ec800000)
 ParOldGen       total 68608K, used 7536K [0x00000000c0000000, 0x00000000c4300000, 0x00000000eab00000)
  object space 68608K, 10% used [0x00000000c0000000,0x00000000c075c168,0x00000000c4300000)
 Metaspace       used 21038K, committed 21504K, reserved 1114112K
  class space    used 2149K, committed 2368K, reserved 1048576K
}
Event: 5.510 GC heap before
{Heap before GC invocations=6 (full 1):
 PSYoungGen      total 29696K, used 25600K [0x00000000eab00000, 0x00000000ecc00000, 0x0000000100000000)
  eden space 25600K, 100% used [0x00000000eab00000,0x00000000ec400000,0x00000000ec400000)
  from space 4096K, 0% used [0x00000000ec800000,0x00000000ec800000,0x00000000ecc00000)
  to   space 4096K, 0% used [0x00000000ec400000,0x00000000ec400000,0x00000000ec800000)
 ParOldGen       total 68608K, used 7536K [0x00000000c0000000, 0x00000000c4300000, 0x00000000eab00000)
  object space 68608K, 10% used [0x00000000c0000000,0x00000000c075c168,0x00000000c4300000)
 Metaspace       used 24530K, committed 25152K, reserved 1114112K
  class space    used 2548K, committed 2816K, reserved 1048576K
}
Event: 5.513 GC heap after
{Heap after GC invocations=6 (full 1):
 PSYoungGen      total 28160K, used 2944K [0x00000000eab00000, 0x00000000eca80000, 0x0000000100000000)
  eden space 25088K, 0% used [0x00000000eab00000,0x00000000eab00000,0x00000000ec380000)
  from space 3072K, 95% used [0x00000000ec400000,0x00000000ec6e0108,0x00000000ec700000)
  to   space 3584K, 0% used [0x00000000ec700000,0x00000000ec700000,0x00000000eca80000)
 ParOldGen       total 68608K, used 7544K [0x00000000c0000000, 0x00000000c4300000, 0x00000000eab00000)
  object space 68608K, 10% used [0x00000000c0000000,0x00000000c075e168,0x00000000c4300000)
 Metaspace       used 24530K, committed 25152K, reserved 1114112K
  class space    used 2548K, committed 2816K, reserved 1048576K
}
Event: 5.941 GC heap before
{Heap before GC invocations=7 (full 1):
 PSYoungGen      total 28160K, used 28032K [0x00000000eab00000, 0x00000000eca80000, 0x0000000100000000)
  eden space 25088K, 100% used [0x00000000eab00000,0x00000000ec380000,0x00000000ec380000)
  from space 3072K, 95% used [0x00000000ec400000,0x00000000ec6e0108,0x00000000ec700000)
  to   space 3584K, 0% used [0x00000000ec700000,0x00000000ec700000,0x00000000eca80000)
 ParOldGen       total 68608K, used 7544K [0x00000000c0000000, 0x00000000c4300000, 0x00000000eab00000)
  object space 68608K, 10% used [0x00000000c0000000,0x00000000c075e168,0x00000000c4300000)
 Metaspace       used 28020K, committed 28672K, reserved 1114112K
  class space    used 2793K, committed 3072K, reserved 1048576K
}
Event: 5.943 GC heap after
{Heap after GC invocations=7 (full 1):
 PSYoungGen      total 27648K, used 3009K [0x00000000eab00000, 0x00000000eca00000, 0x0000000100000000)
  eden space 24576K, 0% used [0x00000000eab00000,0x00000000eab00000,0x00000000ec300000)
  from space 3072K, 97% used [0x00000000ec700000,0x00000000ec9f06c0,0x00000000eca00000)
  to   space 3584K, 0% used [0x00000000ec300000,0x00000000ec300000,0x00000000ec680000)
 ParOldGen       total 68608K, used 7552K [0x00000000c0000000, 0x00000000c4300000, 0x00000000eab00000)
  object space 68608K, 11% used [0x00000000c0000000,0x00000000c0760168,0x00000000c4300000)
 Metaspace       used 28020K, committed 28672K, reserved 1114112K
  class space    used 2793K, committed 3072K, reserved 1048576K
}
Event: 6.363 GC heap before
{Heap before GC invocations=8 (full 1):
 PSYoungGen      total 27648K, used 27585K [0x00000000eab00000, 0x00000000eca00000, 0x0000000100000000)
  eden space 24576K, 100% used [0x00000000eab00000,0x00000000ec300000,0x00000000ec300000)
  from space 3072K, 97% used [0x00000000ec700000,0x00000000ec9f06c0,0x00000000eca00000)
  to   space 3584K, 0% used [0x00000000ec300000,0x00000000ec300000,0x00000000ec680000)
 ParOldGen       total 68608K, used 7552K [0x00000000c0000000, 0x00000000c4300000, 0x00000000eab00000)
  object space 68608K, 11% used [0x00000000c0000000,0x00000000c0760168,0x00000000c4300000)
 Metaspace       used 30801K, committed 31488K, reserved 1114112K
  class space    used 3037K, committed 3328K, reserved 1048576K
}
Event: 6.366 GC heap after
{Heap after GC invocations=8 (full 1):
 PSYoungGen      total 27648K, used 3575K [0x00000000eab00000, 0x00000000eca80000, 0x0000000100000000)
  eden space 24064K, 0% used [0x00000000eab00000,0x00000000eab00000,0x00000000ec280000)
  from space 3584K, 99% used [0x00000000ec300000,0x00000000ec67dce0,0x00000000ec680000)
  to   space 4096K, 0% used [0x00000000ec680000,0x00000000ec680000,0x00000000eca80000)
 ParOldGen       total 68608K, used 7742K [0x00000000c0000000, 0x00000000c4300000, 0x00000000eab00000)
  object space 68608K, 11% used [0x00000000c0000000,0x00000000c078fac0,0x00000000c4300000)
 Metaspace       used 30801K, committed 31488K, reserved 1114112K
  class space    used 3037K, committed 3328K, reserved 1048576K
}

Dll operation events (9 events):
Event: 0.017 Loaded shared library c:\Users\Usuario\.vscode\extensions\redhat.java-1.21.0-win32-x64\jre\17.0.7-win32-x86_64\bin\java.dll
Event: 0.361 Loaded shared library c:\Users\Usuario\.vscode\extensions\redhat.java-1.21.0-win32-x64\jre\17.0.7-win32-x86_64\bin\zip.dll
Event: 0.368 Loaded shared library C:\Users\Usuario\.vscode\extensions\redhat.java-1.21.0-win32-x64\jre\17.0.7-win32-x86_64\bin\instrument.dll
Event: 0.402 Loaded shared library C:\Users\Usuario\.vscode\extensions\redhat.java-1.21.0-win32-x64\jre\17.0.7-win32-x86_64\bin\net.dll
Event: 0.407 Loaded shared library C:\Users\Usuario\.vscode\extensions\redhat.java-1.21.0-win32-x64\jre\17.0.7-win32-x86_64\bin\nio.dll
Event: 0.417 Loaded shared library C:\Users\Usuario\.vscode\extensions\redhat.java-1.21.0-win32-x64\jre\17.0.7-win32-x86_64\bin\zip.dll
Event: 0.456 Loaded shared library C:\Users\Usuario\.vscode\extensions\redhat.java-1.21.0-win32-x64\jre\17.0.7-win32-x86_64\bin\jimage.dll
Event: 0.614 Loaded shared library c:\Users\Usuario\.vscode\extensions\redhat.java-1.21.0-win32-x64\jre\17.0.7-win32-x86_64\bin\verify.dll
Event: 3.050 Loaded shared library C:\Users\Usuario\AppData\Roaming\Code\User\globalStorage\redhat.java\1.21.0\config_win\org.eclipse.equinox.launcher\org.eclipse.equinox.launcher.win32.win32.x86_64_1.2.700.v20221108-1024\eclipse_11801.dll

Deoptimization events (20 events):
Event: 5.196 Thread 0x000001cf77650ab0 DEOPT PACKING pc=0x000001cf5f87219e sp=0x0000008a141f1fe0
Event: 5.196 Thread 0x000001cf77650ab0 DEOPT UNPACKING pc=0x000001cf66caa9e3 sp=0x0000008a141f14d8 mode 0
Event: 5.412 Thread 0x000001cf77650ab0 DEOPT PACKING pc=0x000001cf5f87219e sp=0x0000008a141f4200
Event: 5.412 Thread 0x000001cf77650ab0 DEOPT UNPACKING pc=0x000001cf66caa9e3 sp=0x0000008a141f36f8 mode 0
Event: 6.310 Thread 0x000001cf77650ab0 Uncommon trap: trap_request=0xffffffc6 fr.pc=0x000001cf67272630 relative=0x00000000000009f0
Event: 6.310 Thread 0x000001cf77650ab0 Uncommon trap: reason=bimorphic_or_optimized_type_check action=maybe_recompile pc=0x000001cf67272630 method=java.util.HashMap.putVal(ILjava/lang/Object;Ljava/lang/Object;ZZ)Ljava/lang/Object; @ 56 c2
Event: 6.311 Thread 0x000001cf77650ab0 DEOPT PACKING pc=0x000001cf67272630 sp=0x0000008a141fda40
Event: 6.311 Thread 0x000001cf77650ab0 DEOPT UNPACKING pc=0x000001cf66ca9ea3 sp=0x0000008a141fd940 mode 2
Event: 6.311 Thread 0x000001cf77650ab0 Uncommon trap: trap_request=0xffffffc6 fr.pc=0x000001cf67272630 relative=0x00000000000009f0
Event: 6.311 Thread 0x000001cf77650ab0 Uncommon trap: reason=bimorphic_or_optimized_type_check action=maybe_recompile pc=0x000001cf67272630 method=java.util.HashMap.putVal(ILjava/lang/Object;Ljava/lang/Object;ZZ)Ljava/lang/Object; @ 56 c2
Event: 6.311 Thread 0x000001cf77650ab0 DEOPT PACKING pc=0x000001cf67272630 sp=0x0000008a141fda40
Event: 6.311 Thread 0x000001cf77650ab0 DEOPT UNPACKING pc=0x000001cf66ca9ea3 sp=0x0000008a141fd940 mode 2
Event: 6.311 Thread 0x000001cf77650ab0 Uncommon trap: trap_request=0xffffffc6 fr.pc=0x000001cf67272658 relative=0x0000000000000a18
Event: 6.311 Thread 0x000001cf77650ab0 Uncommon trap: reason=bimorphic_or_optimized_type_check action=maybe_recompile pc=0x000001cf67272658 method=java.util.HashMap.putVal(ILjava/lang/Object;Ljava/lang/Object;ZZ)Ljava/lang/Object; @ 152 c2
Event: 6.311 Thread 0x000001cf77650ab0 DEOPT PACKING pc=0x000001cf67272658 sp=0x0000008a141fda40
Event: 6.311 Thread 0x000001cf77650ab0 DEOPT UNPACKING pc=0x000001cf66ca9ea3 sp=0x0000008a141fd948 mode 2
Event: 6.311 Thread 0x000001cf77650ab0 Uncommon trap: trap_request=0xffffffc6 fr.pc=0x000001cf67272630 relative=0x00000000000009f0
Event: 6.311 Thread 0x000001cf77650ab0 Uncommon trap: reason=bimorphic_or_optimized_type_check action=maybe_recompile pc=0x000001cf67272630 method=java.util.HashMap.putVal(ILjava/lang/Object;Ljava/lang/Object;ZZ)Ljava/lang/Object; @ 56 c2
Event: 6.311 Thread 0x000001cf77650ab0 DEOPT PACKING pc=0x000001cf67272630 sp=0x0000008a141fda40
Event: 6.311 Thread 0x000001cf77650ab0 DEOPT UNPACKING pc=0x000001cf66ca9ea3 sp=0x0000008a141fd940 mode 2

Classes unloaded (7 events):
Event: 4.665 Thread 0x000001cf708fd500 Unloading class 0x000000010021c000 'java/lang/invoke/LambdaForm$MH+0x000000010021c000'
Event: 4.665 Thread 0x000001cf708fd500 Unloading class 0x000000010021bc00 'java/lang/invoke/LambdaForm$MH+0x000000010021bc00'
Event: 4.665 Thread 0x000001cf708fd500 Unloading class 0x000000010021b800 'java/lang/invoke/LambdaForm$MH+0x000000010021b800'
Event: 4.665 Thread 0x000001cf708fd500 Unloading class 0x000000010021b400 'java/lang/invoke/LambdaForm$MH+0x000000010021b400'
Event: 4.665 Thread 0x000001cf708fd500 Unloading class 0x000000010021b000 'java/lang/invoke/LambdaForm$BMH+0x000000010021b000'
Event: 4.665 Thread 0x000001cf708fd500 Unloading class 0x000000010021ac00 'java/lang/invoke/LambdaForm$DMH+0x000000010021ac00'
Event: 4.665 Thread 0x000001cf708fd500 Unloading class 0x0000000100218000 'java/lang/invoke/LambdaForm$DMH+0x0000000100218000'

Classes redefined (0 events):
No events

Internal exceptions (20 events):
Event: 4.603 Thread 0x000001cf77650ab0 Exception <a 'java/lang/NoSuchMethodError'{0x00000000eb01ffd0}: 'java.lang.Object java.lang.invoke.Invokers$Holder.linkToTargetMethod(java.lang.Object, java.lang.Object, long, java.lang.Object)'> (0x00000000eb01ffd0) 
thrown [s\src\hotspot\share\interpreter\linkResolver.cpp, line 759]
Event: 4.623 Thread 0x000001cf77650ab0 Exception <a 'java/lang/NoSuchMethodError'{0x00000000eb09d918}: 'int java.lang.invoke.DirectMethodHandle$Holder.invokeStaticInit(java.lang.Object, java.lang.Object, java.lang.Object)'> (0x00000000eb09d918) 
thrown [s\src\hotspot\share\interpreter\linkResolver.cpp, line 759]
Event: 4.634 Thread 0x000001cf77650ab0 Exception <a 'java/lang/IncompatibleClassChangeError'{0x00000000eb1058b8}: Found class java.lang.Object, but interface was expected> (0x00000000eb1058b8) 
thrown [s\src\hotspot\share\interpreter\linkResolver.cpp, line 826]
Event: 4.642 Thread 0x000001cf77650ab0 Exception <a 'java/lang/NoSuchMethodError'{0x00000000eb1179d8}: 'java.lang.Object java.lang.invoke.DirectMethodHandle$Holder.invokeSpecial(java.lang.Object, java.lang.Object, java.lang.Object, int, java.lang.Object, java.lang.Object)'> (0x00000000eb1179d8) 
thrown [s\src\hotspot\share\interpreter\linkResolver.cpp, line 759]
Event: 4.646 Thread 0x000001cf77650ab0 Exception <a 'java/lang/NoSuchMethodError'{0x00000000eb120160}: 'java.lang.Object java.lang.invoke.DirectMethodHandle$Holder.newInvokeSpecial(java.lang.Object, java.lang.Object, java.lang.Object, int, java.lang.Object)'> (0x00000000eb120160) 
thrown [s\src\hotspot\share\interpreter\linkResolver.cpp, line 759]
Event: 4.647 Thread 0x000001cf77650ab0 Exception <a 'java/lang/NoSuchMethodError'{0x00000000eb1245b8}: 'java.lang.Object java.lang.invoke.DirectMethodHandle$Holder.invokeSpecial(java.lang.Object, java.lang.Object, java.lang.Object, java.lang.Object, int, java.lang.Object)'> (0x00000000eb1245b8) 
thrown [s\src\hotspot\share\interpreter\linkResolver.cpp, line 759]
Event: 4.650 Thread 0x000001cf77b8cea0 Exception <a 'java/lang/NoSuchMethodError'{0x00000000eb044f60}: 'java.lang.Object java.lang.invoke.DirectMethodHandle$Holder.invokeSpecial(java.lang.Object, java.lang.Object, int, java.lang.Object, java.lang.Object)'> (0x00000000eb044f60) 
thrown [s\src\hotspot\share\interpreter\linkResolver.cpp, line 759]
Event: 4.652 Thread 0x000001cf77b8cea0 Exception <a 'java/lang/NoSuchMethodError'{0x00000000eb04c630}: 'java.lang.Object java.lang.invoke.DirectMethodHandle$Holder.newInvokeSpecial(java.lang.Object, java.lang.Object, int, java.lang.Object)'> (0x00000000eb04c630) 
thrown [s\src\hotspot\share\interpreter\linkResolver.cpp, line 759]
Event: 4.653 Thread 0x000001cf77b8cea0 Exception <a 'java/lang/NoSuchMethodError'{0x00000000eb050140}: 'java.lang.Object java.lang.invoke.DirectMethodHandle$Holder.invokeSpecial(java.lang.Object, java.lang.Object, java.lang.Object, int, java.lang.Object)'> (0x00000000eb050140) 
thrown [s\src\hotspot\share\interpreter\linkResolver.cpp, line 759]
Event: 5.212 Thread 0x000001cf77650ab0 Exception <a 'java/io/FileNotFoundException'{0x00000000eb9003b0}> (0x00000000eb9003b0) 
thrown [s\src\hotspot\share\prims\jni.cpp, line 516]
Event: 5.380 Thread 0x000001cf77650ab0 Exception <a 'java/lang/NoSuchMethodError'{0x00000000ebf37d58}: 'void java.lang.invoke.DirectMethodHandle$Holder.invokeSpecial(java.lang.Object, java.lang.Object, java.lang.Object, int)'> (0x00000000ebf37d58) 
thrown [s\src\hotspot\share\interpreter\linkResolver.cpp, line 759]
Event: 5.477 Thread 0x000001cf77b8cea0 Exception <a 'java/io/FileNotFoundException'{0x00000000eabb32f8}> (0x00000000eabb32f8) 
thrown [s\src\hotspot\share\prims\jni.cpp, line 516]
Event: 6.228 Thread 0x000001cf77650ab0 Exception <a 'java/lang/ClassNotFoundException'{0x00000000ebf53c08}: com/sun/org/apache/xerces/internal/impl/msg/spi/DOMMessagesProvider> (0x00000000ebf53c08) 
thrown [s\src\hotspot\share\classfile\systemDictionary.cpp, line 256]
Event: 6.233 Thread 0x000001cf77650ab0 Exception <a 'java/lang/ClassNotFoundException'{0x00000000ebf82490}: com/sun/org/apache/xerces/internal/impl/msg/spi/XMLSerializerMessagesProvider> (0x00000000ebf82490) 
thrown [s\src\hotspot\share\classfile\systemDictionary.cpp, line 256]
Event: 6.235 Thread 0x000001cf77650ab0 Exception <a 'java/lang/ClassNotFoundException'{0x00000000ebf9a980}: com/sun/org/apache/xerces/internal/impl/msg/spi/XMLMessagesProvider> (0x00000000ebf9a980) 
thrown [s\src\hotspot\share\classfile\systemDictionary.cpp, line 256]
Event: 6.277 Thread 0x000001cf77650ab0 Exception <a 'java/lang/NoSuchMethodError'{0x00000000ec081ea0}: 'void java.lang.invoke.DirectMethodHandle$Holder.invokeVirtual(java.lang.Object, java.lang.Object)'> (0x00000000ec081ea0) 
thrown [s\src\hotspot\share\interpreter\linkResolver.cpp, line 759]
Event: 6.331 Thread 0x000001cf77650ab0 Exception <a 'java/lang/NoSuchMethodError'{0x00000000ec2a4f58}: 'java.lang.Object java.lang.invoke.DirectMethodHandle$Holder.invokeStaticInit(java.lang.Object, int, int, int, int)'> (0x00000000ec2a4f58) 
thrown [s\src\hotspot\share\interpreter\linkResolver.cpp, line 759]
Event: 6.432 Thread 0x000001cf77650ab0 Exception <a 'java/lang/NoSuchMethodError'{0x00000000eab46360}: 'java.lang.Object java.lang.invoke.DirectMethodHandle$Holder.invokeStaticInit(java.lang.Object, java.lang.Object, int, int, int, int)'> (0x00000000eab46360) 
thrown [s\src\hotspot\share\interpreter\linkResolver.cpp, line 759]
Event: 6.451 Thread 0x000001cf77d29460 Exception <a 'java/lang/NoSuchMethodError'{0x00000000eabeb000}: 'void java.lang.invoke.DirectMethodHandle$Holder.invokeStatic(java.lang.Object, java.lang.Object, java.lang.Object, java.lang.Object)'> (0x00000000eabeb000) 
thrown [s\src\hotspot\share\interpreter\linkResolver.cpp, line 759]
Event: 6.469 Thread 0x000001cf77b8cea0 Exception <a 'java/lang/OutOfMemoryError'{0x00000000eabfd980}: unable to create native thread: possibly out of memory or process/resource limits reached> (0x00000000eabfd980) 
thrown [s\src\hotspot\share\prims\jvm.cpp, line 2923]

VM Operations (20 events):
Event: 4.655 Executing VM operation: CollectForMetadataAllocation
Event: 4.695 Executing VM operation: CollectForMetadataAllocation done
Event: 4.727 Executing VM operation: HandshakeAllThreads
Event: 4.727 Executing VM operation: HandshakeAllThreads done
Event: 4.981 Executing VM operation: HandshakeAllThreads
Event: 4.981 Executing VM operation: HandshakeAllThreads done
Event: 4.992 Executing VM operation: HandshakeAllThreads
Event: 4.992 Executing VM operation: HandshakeAllThreads done
Event: 5.106 Executing VM operation: HandshakeAllThreads
Event: 5.106 Executing VM operation: HandshakeAllThreads done
Event: 5.510 Executing VM operation: ParallelGCFailedAllocation
Event: 5.513 Executing VM operation: ParallelGCFailedAllocation done
Event: 5.940 Executing VM operation: ParallelGCFailedAllocation
Event: 5.943 Executing VM operation: ParallelGCFailedAllocation done
Event: 6.310 Executing VM operation: HandshakeAllThreads
Event: 6.310 Executing VM operation: HandshakeAllThreads done
Event: 6.363 Executing VM operation: ParallelGCFailedAllocation
Event: 6.366 Executing VM operation: ParallelGCFailedAllocation done
Event: 6.428 Executing VM operation: HandshakeAllThreads
Event: 6.428 Executing VM operation: HandshakeAllThreads done

Events (20 events):
Event: 6.424 loading class java/nio/file/DirectoryStream$Filter
Event: 6.424 loading class java/nio/file/DirectoryStream$Filter done
Event: 6.424 loading class java/nio/file/Files$AcceptAllFilter done
Event: 6.424 loading class sun/nio/fs/WindowsDirectoryStream
Event: 6.425 loading class java/nio/file/DirectoryStream
Event: 6.425 loading class java/nio/file/DirectoryStream done
Event: 6.425 loading class sun/nio/fs/WindowsDirectoryStream done
Event: 6.425 loading class sun/nio/fs/WindowsDirectoryStream$WindowsDirectoryIterator
Event: 6.426 loading class sun/nio/fs/WindowsDirectoryStream$WindowsDirectoryIterator done
Event: 6.426 loading class sun/nio/fs/WindowsPath$WindowsPathWithAttributes
Event: 6.427 loading class sun/nio/fs/BasicFileAttributesHolder
Event: 6.427 loading class sun/nio/fs/BasicFileAttributesHolder done
Event: 6.427 loading class sun/nio/fs/WindowsPath$WindowsPathWithAttributes done
Event: 6.439 loading class sun/security/provider/AbstractDrbg$NonceProvider
Event: 6.439 loading class sun/security/provider/AbstractDrbg$NonceProvider done
Event: 6.446 Thread 0x000001cf76ed9880 Thread exited: 0x000001cf76ed9880
Event: 6.463 loading class java/lang/StringIndexOutOfBoundsException
Event: 6.463 loading class java/lang/StringIndexOutOfBoundsException done
Event: 6.464 loading class java/util/DualPivotQuicksort
Event: 6.465 loading class java/util/DualPivotQuicksort done


Dynamic libraries:
0x00007ff637040000 - 0x00007ff63704e000 	c:\Users\Usuario\.vscode\extensions\redhat.java-1.21.0-win32-x64\jre\17.0.7-win32-x86_64\bin\java.exe
0x00007ffbc4390000 - 0x00007ffbc4586000 	C:\windows\SYSTEM32\ntdll.dll
0x00007ffb8a400000 - 0x00007ffb8a419000 	C:\Program Files\Avast Software\Avast\aswhook.dll
0x00007ffbc3820000 - 0x00007ffbc38dd000 	C:\windows\System32\KERNEL32.DLL
0x00007ffbc1db0000 - 0x00007ffbc2079000 	C:\windows\System32\KERNELBASE.dll
0x00007ffbc22f0000 - 0x00007ffbc23f0000 	C:\windows\System32\ucrtbase.dll
0x00007ffba80a0000 - 0x00007ffba80b7000 	c:\Users\Usuario\.vscode\extensions\redhat.java-1.21.0-win32-x64\jre\17.0.7-win32-x86_64\bin\jli.dll
0x00007ffbc23f0000 - 0x00007ffbc2590000 	C:\windows\System32\USER32.dll
0x00007ffbc2080000 - 0x00007ffbc20a2000 	C:\windows\System32\win32u.dll
0x00007ffbc3170000 - 0x00007ffbc319a000 	C:\windows\System32\GDI32.dll
0x00007ffbc1b50000 - 0x00007ffbc1c5b000 	C:\windows\System32\gdi32full.dll
0x00007ffbc1d10000 - 0x00007ffbc1dad000 	C:\windows\System32\msvcp_win.dll
0x00007ffbab4e0000 - 0x00007ffbab4f9000 	c:\Users\Usuario\.vscode\extensions\redhat.java-1.21.0-win32-x64\jre\17.0.7-win32-x86_64\bin\VCRUNTIME140.dll
0x00007ffba8400000 - 0x00007ffba869b000 	C:\windows\WinSxS\amd64_microsoft.windows.common-controls_6595b64144ccf1df_6.0.19041.746_none_ca02b4b61b8320a4\COMCTL32.dll
0x00007ffbc3de0000 - 0x00007ffbc3e7e000 	C:\windows\System32\msvcrt.dll
0x00007ffbc3530000 - 0x00007ffbc3560000 	C:\windows\System32\IMM32.DLL
0x00007ffbbbb30000 - 0x00007ffbbbb3c000 	c:\Users\Usuario\.vscode\extensions\redhat.java-1.21.0-win32-x64\jre\17.0.7-win32-x86_64\bin\vcruntime140_1.dll
0x00007ffb7de10000 - 0x00007ffb7dea1000 	c:\Users\Usuario\.vscode\extensions\redhat.java-1.21.0-win32-x64\jre\17.0.7-win32-x86_64\bin\msvcp140.dll
0x00007ffb6fed0000 - 0x00007ffb70b18000 	c:\Users\Usuario\.vscode\extensions\redhat.java-1.21.0-win32-x64\jre\17.0.7-win32-x86_64\bin\server\jvm.dll
0x00007ffbc4180000 - 0x00007ffbc422c000 	C:\windows\System32\ADVAPI32.dll
0x00007ffbc3290000 - 0x00007ffbc332c000 	C:\windows\System32\sechost.dll
0x00007ffbc3cb0000 - 0x00007ffbc3ddb000 	C:\windows\System32\RPCRT4.dll
0x00007ffba62e0000 - 0x00007ffba62e9000 	C:\windows\SYSTEM32\WSOCK32.dll
0x00007ffbc3c40000 - 0x00007ffbc3cab000 	C:\windows\System32\WS2_32.dll
0x00007ffb9e6a0000 - 0x00007ffb9e6c7000 	C:\windows\SYSTEM32\WINMM.dll
0x00007ffbb95a0000 - 0x00007ffbb95aa000 	C:\windows\SYSTEM32\VERSION.dll
0x00007ffbc03a0000 - 0x00007ffbc03b2000 	C:\windows\SYSTEM32\kernel.appcore.dll
0x00007ffbb8c80000 - 0x00007ffbb8c8a000 	c:\Users\Usuario\.vscode\extensions\redhat.java-1.21.0-win32-x64\jre\17.0.7-win32-x86_64\bin\jimage.dll
0x00007ffbbf9c0000 - 0x00007ffbbfba4000 	C:\windows\SYSTEM32\DBGHELP.DLL
0x00007ffbad070000 - 0x00007ffbad09c000 	C:\windows\SYSTEM32\dbgcore.DLL
0x00007ffbc1ad0000 - 0x00007ffbc1b50000 	C:\windows\System32\bcryptPrimitives.dll
0x00007ffbb8a50000 - 0x00007ffbb8a5e000 	c:\Users\Usuario\.vscode\extensions\redhat.java-1.21.0-win32-x64\jre\17.0.7-win32-x86_64\bin\instrument.dll
0x00007ffb8a5e0000 - 0x00007ffb8a605000 	c:\Users\Usuario\.vscode\extensions\redhat.java-1.21.0-win32-x64\jre\17.0.7-win32-x86_64\bin\java.dll
0x00007ffb9c800000 - 0x00007ffb9c818000 	c:\Users\Usuario\.vscode\extensions\redhat.java-1.21.0-win32-x64\jre\17.0.7-win32-x86_64\bin\zip.dll
0x00007ffbc2590000 - 0x00007ffbc2cd2000 	C:\windows\System32\SHELL32.dll
0x00007ffbbfc00000 - 0x00007ffbc0390000 	C:\windows\SYSTEM32\windows.storage.dll
0x00007ffbc38e0000 - 0x00007ffbc3c36000 	C:\windows\System32\combase.dll
0x00007ffbc1460000 - 0x00007ffbc148c000 	C:\windows\SYSTEM32\Wldp.dll
0x00007ffbc3610000 - 0x00007ffbc36be000 	C:\windows\System32\SHCORE.dll
0x00007ffbc3330000 - 0x00007ffbc3385000 	C:\windows\System32\shlwapi.dll
0x00007ffbc1a00000 - 0x00007ffbc1a26000 	C:\windows\SYSTEM32\profapi.dll
0x00007ffb9a700000 - 0x00007ffb9a719000 	C:\Users\Usuario\.vscode\extensions\redhat.java-1.21.0-win32-x64\jre\17.0.7-win32-x86_64\bin\net.dll
0x00007ffbaa640000 - 0x00007ffbaa740000 	C:\windows\SYSTEM32\WINHTTP.dll
0x00007ffbc11e0000 - 0x00007ffbc124a000 	C:\windows\system32\mswsock.dll
0x00007ffb990a0000 - 0x00007ffb990b5000 	C:\Users\Usuario\.vscode\extensions\redhat.java-1.21.0-win32-x64\jre\17.0.7-win32-x86_64\bin\nio.dll
0x00007ffbb8a10000 - 0x00007ffbb8a20000 	c:\Users\Usuario\.vscode\extensions\redhat.java-1.21.0-win32-x64\jre\17.0.7-win32-x86_64\bin\verify.dll
0x00007ffbbbeb0000 - 0x00007ffbbbeee000 	C:\Users\Usuario\AppData\Roaming\Code\User\globalStorage\redhat.java\1.21.0\config_win\org.eclipse.equinox.launcher\org.eclipse.equinox.launcher.win32.win32.x86_64_1.2.700.v20221108-1024\eclipse_11801.dll
0x00007ffbc3e90000 - 0x00007ffbc3fba000 	C:\windows\System32\ole32.dll
0x00007ffbc13b0000 - 0x00007ffbc13c8000 	C:\windows\SYSTEM32\CRYPTSP.dll
0x00007ffbc0b80000 - 0x00007ffbc0bb4000 	C:\windows\system32\rsaenh.dll
0x00007ffbc22c0000 - 0x00007ffbc22e7000 	C:\windows\System32\bcrypt.dll
0x00007ffbc19c0000 - 0x00007ffbc19ee000 	C:\windows\SYSTEM32\USERENV.dll
0x00007ffbc13d0000 - 0x00007ffbc13dc000 	C:\windows\SYSTEM32\CRYPTBASE.dll
0x00007ffbc0ed0000 - 0x00007ffbc0f0b000 	C:\windows\SYSTEM32\IPHLPAPI.DLL
0x00007ffbc3fc0000 - 0x00007ffbc3fc8000 	C:\windows\System32\NSI.dll
0x00007ffbb80f0000 - 0x00007ffbb8107000 	C:\windows\SYSTEM32\dhcpcsvc6.DLL
0x00007ffbb9170000 - 0x00007ffbb918d000 	C:\windows\SYSTEM32\dhcpcsvc.DLL
0x00007ffbc0f10000 - 0x00007ffbc0fdb000 	C:\windows\SYSTEM32\DNSAPI.dll

dbghelp: loaded successfully - version: 4.0.5 - missing functions: none
symbol engine: initialized successfully - sym options: 0x614 - pdb path: .;c:\Users\Usuario\.vscode\extensions\redhat.java-1.21.0-win32-x64\jre\17.0.7-win32-x86_64\bin;C:\windows\SYSTEM32;C:\Program Files\Avast Software\Avast;C:\windows\WinSxS\amd64_microsoft.windows.common-controls_6595b64144ccf1df_6.0.19041.746_none_ca02b4b61b8320a4;c:\Users\Usuario\.vscode\extensions\redhat.java-1.21.0-win32-x64\jre\17.0.7-win32-x86_64\bin\server;C:\Users\Usuario\AppData\Roaming\Code\User\globalStorage\redhat.java\1.21.0\config_win\org.eclipse.equinox.launcher\org.eclipse.equinox.launcher.win32.win32.x86_64_1.2.700.v20221108-1024

VM Arguments:
jvm_args: --add-modules=ALL-SYSTEM --add-opens=java.base/java.util=ALL-UNNAMED --add-opens=java.base/java.lang=ALL-UNNAMED --add-opens=java.base/sun.nio.fs=ALL-UNNAMED -Declipse.application=org.eclipse.jdt.ls.core.id1 -Dosgi.bundles.defaultStartLevel=4 -Declipse.product=org.eclipse.jdt.ls.core.product -Djava.import.generatesMetadataFilesAtProjectRoot=false -Dfile.encoding=utf8 -XX:+UseParallelGC -XX:GCTimeRatio=4 -XX:AdaptiveSizePolicyWeight=90 -Dsun.zip.disableMemoryMapping=true -Xmx1G -Xms100m -Xlog:disable -javaagent:c:\Users\Usuario\.vscode\extensions\redhat.java-1.21.0-win32-x64\lombok\lombok-1.18.28.jar -XX:+HeapDumpOnOutOfMemoryError -XX:HeapDumpPath=c:\Users\Usuario\AppData\Roaming\Code\User\workspaceStorage\005f2dd15079cb63c18c05e00e31ee25\redhat.java -Daether.dependencyCollector.impl=bf 
java_command: c:\Users\Usuario\.vscode\extensions\redhat.java-1.21.0-win32-x64\server\plugins\org.eclipse.equinox.launcher_1.6.500.v20230717-2134.jar -configuration c:\Users\Usuario\AppData\Roaming\Code\User\globalStorage\redhat.java\1.21.0\config_win -data c:\Users\Usuario\AppData\Roaming\Code\User\workspaceStorage\005f2dd15079cb63c18c05e00e31ee25\redhat.java\jdt_ws
java_class_path (initial): c:\Users\Usuario\.vscode\extensions\redhat.java-1.21.0-win32-x64\server\plugins\org.eclipse.equinox.launcher_1.6.500.v20230717-2134.jar
Launcher Type: SUN_STANDARD

[Global flags]
    uintx AdaptiveSizePolicyWeight                 = 90                                        {product} {command line}
     intx CICompilerCount                          = 4                                         {product} {ergonomic}
    uintx GCTimeRatio                              = 4                                         {product} {command line}
     bool HeapDumpOnOutOfMemoryError               = true                                   {manageable} {command line}
    ccstr HeapDumpPath                             = c:\Users\Usuario\AppData\Roaming\Code\User\workspaceStorage\005f2dd15079cb63c18c05e00e31ee25\redhat.java         {manageable} {command line}
   size_t InitialHeapSize                          = 104857600                                 {product} {command line}
   size_t MaxHeapSize                              = 1073741824                                {product} {command line}
   size_t MaxNewSize                               = 357564416                                 {product} {ergonomic}
   size_t MinHeapDeltaBytes                        = 524288                                    {product} {ergonomic}
   size_t MinHeapSize                              = 104857600                                 {product} {command line}
   size_t NewSize                                  = 34603008                                  {product} {ergonomic}
    uintx NonNMethodCodeHeapSize                   = 5839372                                {pd product} {ergonomic}
    uintx NonProfiledCodeHeapSize                  = 122909434                              {pd product} {ergonomic}
   size_t OldSize                                  = 70254592                                  {product} {ergonomic}
    uintx ProfiledCodeHeapSize                     = 122909434                              {pd product} {ergonomic}
    uintx ReservedCodeCacheSize                    = 251658240                              {pd product} {ergonomic}
     bool SegmentedCodeCache                       = true                                      {product} {ergonomic}
   size_t SoftMaxHeapSize                          = 1073741824                             {manageable} {ergonomic}
     bool UseCompressedClassPointers               = true                           {product lp64_product} {ergonomic}
     bool UseCompressedOops                        = true                           {product lp64_product} {ergonomic}
     bool UseLargePagesIndividualAllocation        = false                                  {pd product} {ergonomic}
     bool UseParallelGC                            = true                                      {product} {command line}

Logging:
Log output configuration:
 #0: stdout all=off uptime,level,tags
 #1: stderr all=off uptime,level,tags

Environment Variables:
JAVA_HOME=C:\Program Files\Java\jdk-17
PATH=C:\Program Files\WinRAR;C:\Program Files\Common Files\Oracle\Java\javapath;"C:\Program Files (x86)\Common Files\Oracle\Java\javapath;C:\Program Files\Java\jdk1.8.0_301\bin";C:\windows\system32;C:\windows;C:\windows\System32\Wbem;C:\windows\System32\WindowsPowerShell\v1.0\;C:\windows\System32\OpenSSH\;C:\Program Files\Java\jdk-15.0.2\bin;C:\Program Files\Git\cmd;C:\Program Files\MySQL\MySQL Shell 8.0\bin\;C:\Users\Usuario\AppData\Local\Microsoft\WindowsApps;;C:\Users\Usuario\AppData\Local\Programs\Microsoft VS Code\bin;C:\Program Files\JetBrains\IntelliJ IDEA 2023.1.4\bin;
USERNAME=Kenny
OS=Windows_NT
PROCESSOR_IDENTIFIER=Intel64 Family 6 Model 126 Stepping 5, GenuineIntel
TMP=C:\Users\Usuario\AppData\Local\Temp
TEMP=C:\Users\Usuario\AppData\Local\Temp



---------------  S Y S T E M  ---------------

OS:
 Windows 10 , 64 bit Build 19041 (10.0.19041.804)
OS uptime: 7 days 2:06 hours

CPU: total 8 (initial active 8) (4 cores per cpu, 2 threads per core) family 6 model 126 stepping 5 microcode 0x96, cx8, cmov, fxsr, ht, mmx, 3dnowpref, sse, sse2, sse3, ssse3, sse4.1, sse4.2, popcnt, lzcnt, tsc, tscinvbit, avx, avx2, aes, erms, clmul, bmi1, bmi2, adx, avx512f, avx512dq, avx512cd, avx512bw, avx512vl, sha, fma, vzeroupper, avx512_vpopcntdq, avx512_vpclmulqdq, avx512_vaes, avx512_vnni, clflush, clflushopt, avx512_vbmi2, avx512_vbmi

Memory: 4k page, system-wide physical 7880M (1863M free)
TotalPageFile size 12880M (AvailPageFile size 6M)
current process WorkingSet (physical memory assigned to process): 144M, peak: 144M
current process commit charge ("private bytes"): 251M, peak: 251M

vm_info: OpenJDK 64-Bit Server VM (17.0.7+7) for windows-amd64 JRE (17.0.7+7), built on Apr 18 2023 22:10:42 by "temurin" with MS VC++ 16.7 (VS2019)

END.
